Arguments: 
  /usr/local/Cellar/node/7.6.0/bin/node /Users/maze/.yarn/bin/yarn.js add express

PATH: 
  /Users/maze/.rbenv/shims:/Users/maze/.cargo/bin:/Users/maze/.yarn/bin:/usr/local/Cellar/node/7.6.0/bin:/usr/local/bin:/usr/bin:/bin:/usr/sbin:/sbin:/usr/local/go/bin:/Users/maze/.rbenv/shims:/Users/maze/.cargo/bin:/Users/maze/.yarn/bin:/usr/local/Cellar/node/7.6.0/bin:/Users/maze/.rvm/bin:/Users/maze/.rvm/bin

Yarn version: 
  0.23.2

Node version: 
  7.6.0

Platform: 
  darwin x64

npm manifest: 
  {
    "name": "ChattyBackend",
    "version": "1.0.0",
    "main": "src/index.js",
    "license": "MIT",
    "dependencies": {
      "cors": "^2.8.3",
      "ws": "^3.0.0"
    }
  }

yarn manifest: 
  No manifest

Lockfile: 
  # THIS IS AN AUTOGENERATED FILE. DO NOT EDIT THIS FILE DIRECTLY.
  # yarn lockfile v1
  
  
  cors@^2.8.3:
    version "2.8.3"
    resolved "https://registry.yarnpkg.com/cors/-/cors-2.8.3.tgz#4cf78e1d23329a7496b2fc2225b77ca5bb5eb802"
    dependencies:
      object-assign "^4"
      vary "^1"
  
  object-assign@^4:
    version "4.1.1"
    resolved "https://registry.yarnpkg.com/object-assign/-/object-assign-4.1.1.tgz#2109adc7965887cfc05cbbd442cac8bfbb360863"
  
  safe-buffer@~5.0.1:
    version "5.0.1"
    resolved "https://registry.yarnpkg.com/safe-buffer/-/safe-buffer-5.0.1.tgz#d263ca54696cd8a306b5ca6551e92de57918fbe7"
  
  ultron@~1.1.0:
    version "1.1.0"
    resolved "https://registry.yarnpkg.com/ultron/-/ultron-1.1.0.tgz#b07a2e6a541a815fc6a34ccd4533baec307ca864"
  
  vary@^1:
    version "1.1.1"
    resolved "https://registry.yarnpkg.com/vary/-/vary-1.1.1.tgz#67535ebb694c1d52257457984665323f587e8d37"
  
  ws@^3.0.0:
    version "3.0.0"
    resolved "https://registry.yarnpkg.com/ws/-/ws-3.0.0.tgz#98ddb00056c8390cb751e7788788497f99103b6c"
    dependencies:
      safe-buffer "~5.0.1"
      ultron "~1.1.0"

Trace: 
  Error: getaddrinfo ENOTFOUND registry.yarnpkg.com registry.yarnpkg.com:443
      at errnoException (dns.js:28:10)
      at GetAddrInfoReqWrap.onlookup [as oncomplete] (dns.js:76:26)
